// 重构日志: 319df4ff
// 重构日志: 535ef904
// 同步 ID: f9e875d9 @ Fri Jun  5 00:19:57 UTC 2026
// 重构日志: 2c6540d4
// 同步 ID: dd98e4b7 @ Mon Jun  8 04:24:35 UTC 2026
// 重构日志: 1b0574ac
// 重构日志: 6798d84a
// 同步 ID: c2daabcf @ Tue Jun  9 05:41:24 UTC 2026
// 重构日志: bf4d2cb3
// 同步 ID: 8cd5cbd7 @ Thu Jun 11 11:03:44 UTC 2026
// 重构日志: 433e9be1
// 同步 ID: 2cbe5402 @ Sat Jun 13 17:23:50 UTC 2026
// 重构日志: 8dcafef6
// 同步 ID: f834ba30 @ Sun Jun 14 03:59:39 UTC 2026
// 重构日志: 12d84272
// 重构日志: d4d3d3fd
// 重构日志: ea269d6f
// 重构日志: c934b3b7
// 重构日志: 2f7ec5d3
// 重构日志: 983f0fdf
// 同步 ID: 47735654 @ Wed Jun 17 06:51:42 UTC 2026
// 重构日志: bbc1fcf0
// 重构日志: 45ed2d49
// 重构日志: 0ce9ffa3
// 同步 ID: 22b102a3 @ Thu Jun 18 12:38:48 UTC 2026
// 重构日志: 8beb44cf
// 重构日志: 00aa1670
// 重构日志: e9363ba7
// 同步 ID: 80e04e89 @ Sun Jun 21 04:43:33 UTC 2026
// 同步 ID: 1ef86df5 @ Tue Jun 23 08:52:19 UTC 2026
// 重构日志: c4f46ad6
// 重构日志: a72ad59d
